<?xml version="1.0" encoding="UTF-8"?>
<testsuites>
  <testsuite name="Project Test Suite" tests="13" assertions="26" errors="0" failures="0" skipped="0" time="0.080434">
    <testsuite name="TS\Text\HtmlBuilder\ElementTest" file="E:\dev\html-builder\tests\ElementTest.php" tests="9" assertions="18" errors="0" failures="0" skipped="0" time="0.066322">
      <testcase name="testText" class="TS\Text\HtmlBuilder\ElementTest" classname="TS.Text.HtmlBuilder.ElementTest" file="E:\dev\html-builder\tests\ElementTest.php" line="13" assertions="1" time="0.022387"/>
      <testcase name="testTextReplace" class="TS\Text\HtmlBuilder\ElementTest" classname="TS.Text.HtmlBuilder.ElementTest" file="E:\dev\html-builder\tests\ElementTest.php" line="23" assertions="2" time="0.006097"/>
      <testcase name="testTextAppend" class="TS\Text\HtmlBuilder\ElementTest" classname="TS.Text.HtmlBuilder.ElementTest" file="E:\dev\html-builder\tests\ElementTest.php" line="42" assertions="1" time="0.006437"/>
      <testcase name="testConstructorWithAttributes" class="TS\Text\HtmlBuilder\ElementTest" classname="TS.Text.HtmlBuilder.ElementTest" file="E:\dev\html-builder\tests\ElementTest.php" line="58" assertions="1" time="0.003565"/>
      <testcase name="testPrepend" class="TS\Text\HtmlBuilder\ElementTest" classname="TS.Text.HtmlBuilder.ElementTest" file="E:\dev\html-builder\tests\ElementTest.php" line="67" assertions="1" time="0.005822"/>
      <testcase name="testAppend" class="TS\Text\HtmlBuilder\ElementTest" classname="TS.Text.HtmlBuilder.ElementTest" file="E:\dev\html-builder\tests\ElementTest.php" line="76" assertions="1" time="0.005185"/>
      <testcase name="testAppendTo" class="TS\Text\HtmlBuilder\ElementTest" classname="TS.Text.HtmlBuilder.ElementTest" file="E:\dev\html-builder\tests\ElementTest.php" line="88" assertions="1" time="0.004914"/>
      <testcase name="testClasses" class="TS\Text\HtmlBuilder\ElementTest" classname="TS.Text.HtmlBuilder.ElementTest" file="E:\dev\html-builder\tests\ElementTest.php" line="105" assertions="7" time="0.007311"/>
      <testcase name="testAttributes" class="TS\Text\HtmlBuilder\ElementTest" classname="TS.Text.HtmlBuilder.ElementTest" file="E:\dev\html-builder\tests\ElementTest.php" line="122" assertions="3" time="0.004603"/>
    </testsuite>
    <testsuite name="TS\Text\HtmlBuilder\FactoryTest" file="E:\dev\html-builder\tests\FactoryTest.php" tests="4" assertions="8" errors="0" failures="0" skipped="0" time="0.014112">
      <testcase name="testComment" class="TS\Text\HtmlBuilder\FactoryTest" classname="TS.Text.HtmlBuilder.FactoryTest" file="E:\dev\html-builder\tests\FactoryTest.php" line="14" assertions="2" time="0.004902"/>
      <testcase name="testText" class="TS\Text\HtmlBuilder\FactoryTest" classname="TS.Text.HtmlBuilder.FactoryTest" file="E:\dev\html-builder\tests\FactoryTest.php" line="20" assertions="2" time="0.002789"/>
      <testcase name="testElement" class="TS\Text\HtmlBuilder\FactoryTest" classname="TS.Text.HtmlBuilder.FactoryTest" file="E:\dev\html-builder\tests\FactoryTest.php" line="26" assertions="2" time="0.003200"/>
      <testcase name="testElementWithAttributes" class="TS\Text\HtmlBuilder\FactoryTest" classname="TS.Text.HtmlBuilder.FactoryTest" file="E:\dev\html-builder\tests\FactoryTest.php" line="32" assertions="2" time="0.003221"/>
    </testsuite>
  </testsuite>
</testsuites>
